<?xml version="1.0" encoding="UTF-8"?>
<!-- Generated by org.testng.reporters.JUnitXMLReporter -->
<testsuite ignored="0" hostname="DESKTOP-J7DL8HD" failures="0" tests="8" name="Default test" time="0.219" errors="0" timestamp="2022-06-09T10:33:09 IST">
  <testcase classname="useClasses.Test_EtoE_BuyProduct" name="@BeforeTest beforeTest" time="0.001">
    <failure type="java.lang.NullPointerException" message="Cannot invoke &amp;quot;com.aventstack.extentreports.ExtentReports.createTest(String)&amp;quot; because &amp;quot;this.reporter&amp;quot; is null">
      <![CDATA[java.lang.NullPointerException: Cannot invoke "com.aventstack.extentreports.ExtentReports.createTest(String)" because "this.reporter" is null
at useClasses.Test_EtoE_BuyProduct.beforeTest(Test_EtoE_BuyProduct.java:49)
at java.base/jdk.internal.reflect.NativeMethodAccessorImpl.invoke0(Native Method)
at java.base/jdk.internal.reflect.NativeMethodAccessorImpl.invoke(NativeMethodAccessorImpl.java:77)
at java.base/jdk.internal.reflect.DelegatingMethodAccessorImpl.invoke(DelegatingMethodAccessorImpl.java:43)
at java.base/java.lang.reflect.Method.invoke(Method.java:568)
at org.testng.internal.MethodInvocationHelper.invokeMethod(MethodInvocationHelper.java:133)
at org.testng.internal.MethodInvocationHelper.invokeMethodConsideringTimeout(MethodInvocationHelper.java:62)
at org.testng.internal.ConfigInvoker.invokeConfigurationMethod(ConfigInvoker.java:385)
at org.testng.internal.ConfigInvoker.invokeConfigurations(ConfigInvoker.java:321)
at org.testng.TestRunner.invokeTestConfigurations(TestRunner.java:637)
at org.testng.TestRunner.beforeRun(TestRunner.java:627)
at org.testng.TestRunner.run(TestRunner.java:589)
at org.testng.SuiteRunner.runTest(SuiteRunner.java:377)
at org.testng.SuiteRunner.runSequentially(SuiteRunner.java:371)
at org.testng.SuiteRunner.privateRun(SuiteRunner.java:332)
at org.testng.SuiteRunner.run(SuiteRunner.java:276)
at org.testng.SuiteRunnerWorker.runSuite(SuiteRunnerWorker.java:53)
at org.testng.SuiteRunnerWorker.run(SuiteRunnerWorker.java:96)
at org.testng.TestNG.runSuitesSequentially(TestNG.java:1212)
at org.testng.TestNG.runSuitesLocally(TestNG.java:1134)
at org.testng.TestNG.runSuites(TestNG.java:1063)
at org.testng.TestNG.run(TestNG.java:1031)
at org.testng.remote.AbstractRemoteTestNG.run(AbstractRemoteTestNG.java:115)
at org.testng.remote.RemoteTestNG.initAndRun(RemoteTestNG.java:251)
at org.testng.remote.RemoteTestNG.main(RemoteTestNG.java:77)
]]>
    </failure>
  </testcase> <!-- @BeforeTest beforeTest -->
  <testcase classname="useClasses.Test_EtoE_BuyProduct" name="@BeforeClass beforeClass" time="-1.654750988974E9">
    <skipped/>
  </testcase> <!-- @BeforeClass beforeClass -->
  <testcase classname="useClasses.Test_EtoE_BuyProduct" name="@BeforeMethod beforeMethod" time="-1.654750989008E9">
    <skipped/>
  </testcase> <!-- @BeforeMethod beforeMethod -->
  <testcase classname="useClasses.Test_EtoE_BuyProduct" name="@AfterMethod afterMethod" time="-1.654750989018E9">
    <skipped/>
  </testcase> <!-- @AfterMethod afterMethod -->
  <testcase classname="useClasses.Test_EtoE_BuyProduct" name="@AfterClass afterClass" time="-1.65475098909E9">
    <skipped/>
  </testcase> <!-- @AfterClass afterClass -->
  <testcase classname="useClasses.Test_EtoE_BuyProduct" name="@AfterTest afterTest" time="-1.654750989092E9">
    <skipped/>
  </testcase> <!-- @AfterTest afterTest -->
  <testcase classname="useClasses.Test_EtoE_BuyProduct" name="verifyUserCanLogin" time="0.0">
    <skipped/>
  </testcase> <!-- verifyUserCanLogin -->
  <testcase classname="useClasses.Test_EtoE_BuyProduct" name="verifyUserCanSearcProduct" time="0.0">
    <skipped/>
  </testcase> <!-- verifyUserCanSearcProduct -->
  <testcase classname="useClasses.Test_EtoE_BuyProduct" name="verifyUserCanSelectProduct" time="0.0">
    <skipped/>
  </testcase> <!-- verifyUserCanSelectProduct -->
  <testcase classname="useClasses.Test_EtoE_BuyProduct" name="verifyUserCanAddProductToCat" time="0.001">
    <skipped/>
  </testcase> <!-- verifyUserCanAddProductToCat -->
  <testcase classname="useClasses.Test_EtoE_BuyProduct" name="verifyUserCanPlaceOrder" time="0.0">
    <skipped/>
  </testcase> <!-- verifyUserCanPlaceOrder -->
  <testcase classname="useClasses.Test_EtoE_BuyProduct" name="verifyUserCanSelectAddress" time="0.0">
    <skipped/>
  </testcase> <!-- verifyUserCanSelectAddress -->
  <testcase classname="useClasses.Test_EtoE_BuyProduct" name="verifyUserCanCheckOrderSummary" time="0.0">
    <skipped/>
  </testcase> <!-- verifyUserCanCheckOrderSummary -->
  <testcase classname="useClasses.Test_EtoE_BuyProduct" name="verifyUserCanConfirmOrderByCOD" time="0.0">
    <skipped/>
  </testcase> <!-- verifyUserCanConfirmOrderByCOD -->
</testsuite> <!-- Default test -->
